<?xml version="1.0" encoding="UTF-8"?>
<testng-results skipped="0" failed="3" ignored="15" total="57" passed="39">
  <reporter-output>
  </reporter-output>
  <suite name="All Test Suite" duration-ms="310749" started-at="2023-06-05T21:03:25 EDT" finished-at="2023-06-05T21:08:36 EDT">
    <groups>
    </groups>
    <test name="/Users/akinkaya/IdeaProjects/ui_automation_6/src/test/java/scripts" duration-ms="310749" started-at="2023-06-05T21:03:25 EDT" finished-at="2023-06-05T21:08:36 EDT">
      <class name="scripts._07_TGDynamicElementsTest">
        <test-method status="PASS" signature="setUp()[pri:0, instance:scripts._07_TGDynamicElementsTest@2038ae61]" name="setUp" is-config="true" duration-ms="1851" started-at="2023-06-05T21:04:43 EDT" finished-at="2023-06-05T21:04:45 EDT">
          <reporter-output>
          </reporter-output>
        </test-method> <!-- setUp -->
        <test-method status="PASS" signature="setPage()[pri:0, instance:scripts._07_TGDynamicElementsTest@2038ae61]" name="setPage" is-config="true" duration-ms="1140" started-at="2023-06-05T21:04:45 EDT" finished-at="2023-06-05T21:04:46 EDT">
          <reporter-output>
          </reporter-output>
        </test-method> <!-- setPage -->
        <test-method status="PASS" signature="validateDynamicElementBox1()[pri:0, instance:scripts._07_TGDynamicElementsTest@2038ae61]" name="validateDynamicElementBox1" duration-ms="93" started-at="2023-06-05T21:04:46 EDT" finished-at="2023-06-05T21:04:46 EDT">
          <reporter-output>
          </reporter-output>
        </test-method> <!-- validateDynamicElementBox1 -->
        <test-method status="PASS" signature="tearDown()[pri:0, instance:scripts._07_TGDynamicElementsTest@2038ae61]" name="tearDown" is-config="true" duration-ms="831" started-at="2023-06-05T21:04:46 EDT" finished-at="2023-06-05T21:04:47 EDT">
          <reporter-output>
          </reporter-output>
        </test-method> <!-- tearDown -->
        <test-method status="PASS" signature="setUp()[pri:0, instance:scripts._07_TGDynamicElementsTest@2038ae61]" name="setUp" is-config="true" duration-ms="2014" started-at="2023-06-05T21:04:47 EDT" finished-at="2023-06-05T21:04:49 EDT">
          <reporter-output>
          </reporter-output>
        </test-method> <!-- setUp -->
        <test-method status="PASS" signature="setPage()[pri:0, instance:scripts._07_TGDynamicElementsTest@2038ae61]" name="setPage" is-config="true" duration-ms="1320" started-at="2023-06-05T21:04:49 EDT" finished-at="2023-06-05T21:04:50 EDT">
          <reporter-output>
          </reporter-output>
        </test-method> <!-- setPage -->
        <test-method status="PASS" signature="validateDynamicElementBox2()[pri:0, instance:scripts._07_TGDynamicElementsTest@2038ae61]" name="validateDynamicElementBox2" duration-ms="90" started-at="2023-06-05T21:04:50 EDT" finished-at="2023-06-05T21:04:50 EDT">
          <reporter-output>
          </reporter-output>
        </test-method> <!-- validateDynamicElementBox2 -->
        <test-method status="PASS" signature="tearDown()[pri:0, instance:scripts._07_TGDynamicElementsTest@2038ae61]" name="tearDown" is-config="true" duration-ms="786" started-at="2023-06-05T21:04:50 EDT" finished-at="2023-06-05T21:04:51 EDT">
          <reporter-output>
          </reporter-output>
        </test-method> <!-- tearDown -->
        <test-method status="PASS" signature="setUp()[pri:0, instance:scripts._07_TGDynamicElementsTest@2038ae61]" name="setUp" is-config="true" duration-ms="1840" started-at="2023-06-05T21:04:51 EDT" finished-at="2023-06-05T21:04:53 EDT">
          <reporter-output>
          </reporter-output>
        </test-method> <!-- setUp -->
        <test-method status="PASS" signature="setPage()[pri:0, instance:scripts._07_TGDynamicElementsTest@2038ae61]" name="setPage" is-config="true" duration-ms="1167" started-at="2023-06-05T21:04:53 EDT" finished-at="2023-06-05T21:04:54 EDT">
          <reporter-output>
          </reporter-output>
        </test-method> <!-- setPage -->
        <test-method status="PASS" signature="validateDynamicElementBoxes()[pri:0, instance:scripts._07_TGDynamicElementsTest@2038ae61]" name="validateDynamicElementBoxes" duration-ms="131" started-at="2023-06-05T21:04:54 EDT" finished-at="2023-06-05T21:04:54 EDT">
          <reporter-output>
          </reporter-output>
        </test-method> <!-- validateDynamicElementBoxes -->
        <test-method status="PASS" signature="tearDown()[pri:0, instance:scripts._07_TGDynamicElementsTest@2038ae61]" name="tearDown" is-config="true" duration-ms="792" started-at="2023-06-05T21:04:54 EDT" finished-at="2023-06-05T21:04:55 EDT">
          <reporter-output>
          </reporter-output>
        </test-method> <!-- tearDown -->
      </class> <!-- scripts._07_TGDynamicElementsTest -->
      <class name="scripts._16_TGFileDownload">
        <test-method status="PASS" signature="setUp()[pri:0, instance:scripts._16_TGFileDownload@4e1d422d]" name="setUp" is-config="true" duration-ms="1703" started-at="2023-06-05T21:08:08 EDT" finished-at="2023-06-05T21:08:10 EDT">
          <reporter-output>
          </reporter-output>
        </test-method> <!-- setUp -->
        <test-method status="PASS" signature="setPage()[pri:0, instance:scripts._16_TGFileDownload@4e1d422d]" name="setPage" is-config="true" duration-ms="1270" started-at="2023-06-05T21:08:10 EDT" finished-at="2023-06-05T21:08:11 EDT">
          <reporter-output>
          </reporter-output>
        </test-method> <!-- setPage -->
        <test-method status="PASS" signature="validateFileDownload()[pri:0, instance:scripts._16_TGFileDownload@4e1d422d]" name="validateFileDownload" duration-ms="95" started-at="2023-06-05T21:08:11 EDT" finished-at="2023-06-05T21:08:11 EDT">
          <reporter-output>
          </reporter-output>
        </test-method> <!-- validateFileDownload -->
        <test-method status="PASS" signature="tearDown()[pri:0, instance:scripts._16_TGFileDownload@4e1d422d]" name="tearDown" is-config="true" duration-ms="769" started-at="2023-06-05T21:08:11 EDT" finished-at="2023-06-05T21:08:12 EDT">
          <reporter-output>
          </reporter-output>
        </test-method> <!-- tearDown -->
      </class> <!-- scripts._16_TGFileDownload -->
      <class name="scripts._08_TGWaitsTest">
        <test-method status="PASS" signature="setUp()[pri:0, instance:scripts._08_TGWaitsTest@3c0f93f1]" name="setUp" is-config="true" duration-ms="1874" started-at="2023-06-05T21:04:55 EDT" finished-at="2023-06-05T21:04:57 EDT">
          <reporter-output>
          </reporter-output>
        </test-method> <!-- setUp -->
        <test-method status="PASS" signature="setPage()[pri:0, instance:scripts._08_TGWaitsTest@3c0f93f1]" name="setPage" is-config="true" duration-ms="1261" started-at="2023-06-05T21:04:57 EDT" finished-at="2023-06-05T21:04:58 EDT">
          <reporter-output>
          </reporter-output>
        </test-method> <!-- setPage -->
        <test-method status="FAIL" signature="waitForBlueBox()[pri:0, instance:scripts._08_TGWaitsTest@3c0f93f1]" name="waitForBlueBox" duration-ms="30179" started-at="2023-06-05T21:04:58 EDT" finished-at="2023-06-05T21:05:28 EDT">
          <exception class="org.openqa.selenium.NoSuchElementException">
            <message>
              <![CDATA[no such element: Unable to locate element: {"method":"css selector","selector":"button[class*='blue_box']"}
  (Session info: chrome=114.0.5735.110)
For documentation on this error, please visit: https://www.seleniumhq.org/exceptions/no_such_element.html
Build info: version: '3.141.59', revision: 'e82be7d358', time: '2018-11-14T08:17:03'
System info: host: 'HP', ip: '192.168.0.130', os.name: 'Windows 11', os.arch: 'amd64', os.version: '10.0', java.version: '1.8.0_361'
Driver info: org.openqa.selenium.chrome.ChromeDriver
Capabilities {acceptInsecureCerts: false, browserName: chrome, browserVersion: 114.0.5735.110, chrome: {chromedriverVersion: 114.0.5735.90 (386bc09e8f4f..., userDataDir: C:\Users\melek\AppData\Loca...}, goog:chromeOptions: {debuggerAddress: localhost:64958}, javascriptEnabled: true, networkConnectionEnabled: false, pageLoadStrategy: normal, platform: WINDOWS, platformName: WINDOWS, proxy: Proxy(), setWindowRect: true, strictFileInteractability: false, timeouts: {implicit: 0, pageLoad: 300000, script: 30000}, unhandledPromptBehavior: dismiss and notify, webauthn:extension:credBlob: true, webauthn:extension:largeBlob: true, webauthn:extension:minPinLength: true, webauthn:extension:prf: true, webauthn:virtualAuthenticators: true}
Session ID: 24c7e2f7b9772deeb789bee8eb59e49f
*** Element info: {Using=css selector, value=button[class*='blue_box']}]]>
            </message>
            <full-stacktrace>
              <![CDATA[org.openqa.selenium.NoSuchElementException: no such element: Unable to locate element: {"method":"css selector","selector":"button[class*='blue_box']"}
  (Session info: chrome=114.0.5735.110)
For documentation on this error, please visit: https://www.seleniumhq.org/exceptions/no_such_element.html
Build info: version: '3.141.59', revision: 'e82be7d358', time: '2018-11-14T08:17:03'
System info: host: 'HP', ip: '192.168.0.130', os.name: 'Windows 11', os.arch: 'amd64', os.version: '10.0', java.version: '1.8.0_361'
Driver info: org.openqa.selenium.chrome.ChromeDriver
Capabilities {acceptInsecureCerts: false, browserName: chrome, browserVersion: 114.0.5735.110, chrome: {chromedriverVersion: 114.0.5735.90 (386bc09e8f4f..., userDataDir: C:\Users\melek\AppData\Loca...}, goog:chromeOptions: {debuggerAddress: localhost:64958}, javascriptEnabled: true, networkConnectionEnabled: false, pageLoadStrategy: normal, platform: WINDOWS, platformName: WINDOWS, proxy: Proxy(), setWindowRect: true, strictFileInteractability: false, timeouts: {implicit: 0, pageLoad: 300000, script: 30000}, unhandledPromptBehavior: dismiss and notify, webauthn:extension:credBlob: true, webauthn:extension:largeBlob: true, webauthn:extension:minPinLength: true, webauthn:extension:prf: true, webauthn:virtualAuthenticators: true}
Session ID: 24c7e2f7b9772deeb789bee8eb59e49f
*** Element info: {Using=css selector, value=button[class*='blue_box']}
at sun.reflect.NativeConstructorAccessorImpl.newInstance0(Native Method)
at sun.reflect.NativeConstructorAccessorImpl.newInstance(NativeConstructorAccessorImpl.java:62)
at sun.reflect.DelegatingConstructorAccessorImpl.newInstance(DelegatingConstructorAccessorImpl.java:45)
at java.lang.reflect.Constructor.newInstance(Constructor.java:423)
at org.openqa.selenium.remote.http.W3CHttpResponseCodec.createException(W3CHttpResponseCodec.java:187)
at org.openqa.selenium.remote.http.W3CHttpResponseCodec.decode(W3CHttpResponseCodec.java:122)
at org.openqa.selenium.remote.http.W3CHttpResponseCodec.decode(W3CHttpResponseCodec.java:49)
at org.openqa.selenium.remote.HttpCommandExecutor.execute(HttpCommandExecutor.java:158)
at org.openqa.selenium.remote.service.DriverCommandExecutor.execute(DriverCommandExecutor.java:83)
at org.openqa.selenium.remote.RemoteWebDriver.execute(RemoteWebDriver.java:552)
at org.openqa.selenium.remote.RemoteWebDriver.findElement(RemoteWebDriver.java:323)
at org.openqa.selenium.remote.RemoteWebDriver.findElementByCssSelector(RemoteWebDriver.java:420)
at org.openqa.selenium.By$ByCssSelector.findElement(By.java:431)
at org.openqa.selenium.remote.RemoteWebDriver.findElement(RemoteWebDriver.java:315)
at scripts._08_TGWaitsTest.waitForBlueBox(_08_TGWaitsTest.java:52)
at sun.reflect.NativeMethodAccessorImpl.invoke0(Native Method)
at sun.reflect.NativeMethodAccessorImpl.invoke(NativeMethodAccessorImpl.java:62)
at sun.reflect.DelegatingMethodAccessorImpl.invoke(DelegatingMethodAccessorImpl.java:43)
at java.lang.reflect.Method.invoke(Method.java:498)
at org.testng.internal.MethodInvocationHelper.invokeMethod(MethodInvocationHelper.java:134)
at org.testng.internal.TestInvoker.invokeMethod(TestInvoker.java:597)
at org.testng.internal.TestInvoker.invokeTestMethod(TestInvoker.java:173)
at org.testng.internal.MethodRunner.runInSequence(MethodRunner.java:46)
at org.testng.internal.TestInvoker$MethodInvocationAgent.invoke(TestInvoker.java:816)
at org.testng.internal.TestInvoker.invokeTestMethods(TestInvoker.java:146)
at org.testng.internal.TestMethodWorker.invokeTestMethods(TestMethodWorker.java:146)
at org.testng.internal.TestMethodWorker.run(TestMethodWorker.java:128)
at java.util.ArrayList.forEach(ArrayList.java:1259)
at org.testng.TestRunner.privateRun(TestRunner.java:766)
at org.testng.TestRunner.run(TestRunner.java:587)
at org.testng.SuiteRunner.runTest(SuiteRunner.java:384)
at org.testng.SuiteRunner.runSequentially(SuiteRunner.java:378)
at org.testng.SuiteRunner.privateRun(SuiteRunner.java:337)
at org.testng.SuiteRunner.run(SuiteRunner.java:286)
at org.testng.SuiteRunnerWorker.runSuite(SuiteRunnerWorker.java:53)
at org.testng.SuiteRunnerWorker.run(SuiteRunnerWorker.java:96)
at org.testng.TestNG.runSuitesSequentially(TestNG.java:1187)
at org.testng.TestNG.runSuitesLocally(TestNG.java:1109)
at org.testng.TestNG.runSuites(TestNG.java:1039)
at org.testng.TestNG.run(TestNG.java:1007)
at org.apache.maven.surefire.testng.TestNGExecutor.run(TestNGExecutor.java:281)
at org.apache.maven.surefire.testng.TestNGXmlTestSuite.execute(TestNGXmlTestSuite.java:75)
at org.apache.maven.surefire.testng.TestNGProvider.invoke(TestNGProvider.java:121)
at org.apache.maven.surefire.booter.ForkedBooter.invokeProviderInSameClassLoader(ForkedBooter.java:290)
at org.apache.maven.surefire.booter.ForkedBooter.runSuitesInProcess(ForkedBooter.java:242)
at org.apache.maven.surefire.booter.ForkedBooter.main(ForkedBooter.java:121)
]]>
            </full-stacktrace>
          </exception> <!-- org.openqa.selenium.NoSuchElementException -->
          <reporter-output>
          </reporter-output>
        </test-method> <!-- waitForBlueBox -->
        <test-method status="PASS" signature="tearDown()[pri:0, instance:scripts._08_TGWaitsTest@3c0f93f1]" name="tearDown" is-config="true" duration-ms="764" started-at="2023-06-05T21:05:28 EDT" finished-at="2023-06-05T21:05:29 EDT">
          <reporter-output>
          </reporter-output>
        </test-method> <!-- tearDown -->
        <test-method status="PASS" signature="setUp()[pri:0, instance:scripts._08_TGWaitsTest@3c0f93f1]" name="setUp" is-config="true" duration-ms="1556" started-at="2023-06-05T21:05:29 EDT" finished-at="2023-06-05T21:05:30 EDT">
          <reporter-output>
          </reporter-output>
        </test-method> <!-- setUp -->
        <test-method status="PASS" signature="setPage()[pri:0, instance:scripts._08_TGWaitsTest@3c0f93f1]" name="setPage" is-config="true" duration-ms="1046" started-at="2023-06-05T21:05:30 EDT" finished-at="2023-06-05T21:05:31 EDT">
          <reporter-output>
          </reporter-output>
        </test-method> <!-- setPage -->
        <test-method status="PASS" signature="waitForRedBox()[pri:0, instance:scripts._08_TGWaitsTest@3c0f93f1]" name="waitForRedBox" duration-ms="10171" started-at="2023-06-05T21:05:31 EDT" finished-at="2023-06-05T21:05:42 EDT">
          <reporter-output>
          </reporter-output>
        </test-method> <!-- waitForRedBox -->
        <test-method status="PASS" signature="tearDown()[pri:0, instance:scripts._08_TGWaitsTest@3c0f93f1]" name="tearDown" is-config="true" duration-ms="724" started-at="2023-06-05T21:05:42 EDT" finished-at="2023-06-05T21:05:42 EDT">
          <reporter-output>
          </reporter-output>
        </test-method> <!-- tearDown -->
      </class> <!-- scripts._08_TGWaitsTest -->
      <class name="scripts._13_IFrameTest">
        <test-method status="PASS" signature="setUp()[pri:0, instance:scripts._13_IFrameTest@21213b92]" name="setUp" is-config="true" duration-ms="1645" started-at="2023-06-05T21:06:52 EDT" finished-at="2023-06-05T21:06:54 EDT">
          <reporter-output>
          </reporter-output>
        </test-method> <!-- setUp -->
        <test-method status="PASS" signature="setPage()[pri:0, instance:scripts._13_IFrameTest@21213b92]" name="setPage" is-config="true" duration-ms="942" started-at="2023-06-05T21:06:54 EDT" finished-at="2023-06-05T21:06:55 EDT">
          <reporter-output>
          </reporter-output>
        </test-method> <!-- setPage -->
        <test-method status="PASS" signature="validateTheParagraph()[pri:1, instance:scripts._13_IFrameTest@21213b92]" name="validateTheParagraph" duration-ms="290" started-at="2023-06-05T21:06:55 EDT" description="TC123: Validate the IFrame Page content paragraph" finished-at="2023-06-05T21:06:55 EDT">
          <reporter-output>
          </reporter-output>
        </test-method> <!-- validateTheParagraph -->
        <test-method status="PASS" signature="tearDown()[pri:0, instance:scripts._13_IFrameTest@21213b92]" name="tearDown" is-config="true" duration-ms="727" started-at="2023-06-05T21:06:55 EDT" finished-at="2023-06-05T21:06:56 EDT">
          <reporter-output>
          </reporter-output>
        </test-method> <!-- tearDown -->
        <test-method status="PASS" signature="setUp()[pri:0, instance:scripts._13_IFrameTest@21213b92]" name="setUp" is-config="true" duration-ms="1863" started-at="2023-06-05T21:06:56 EDT" finished-at="2023-06-05T21:06:57 EDT">
          <reporter-output>
          </reporter-output>
        </test-method> <!-- setUp -->
        <test-method status="PASS" signature="setPage()[pri:0, instance:scripts._13_IFrameTest@21213b92]" name="setPage" is-config="true" duration-ms="1069" started-at="2023-06-05T21:06:57 EDT" finished-at="2023-06-05T21:06:58 EDT">
          <reporter-output>
          </reporter-output>
        </test-method> <!-- setPage -->
        <test-method status="FAIL" signature="validateTheFormSubmission()[pri:2, instance:scripts._13_IFrameTest@21213b92]" name="validateTheFormSubmission" duration-ms="30161" started-at="2023-06-05T21:06:58 EDT" description="TC345 Validate the form submission" finished-at="2023-06-05T21:07:29 EDT">
          <exception class="org.openqa.selenium.NoSuchElementException">
            <message>
              <![CDATA[no such element: Unable to locate element: {"method":"css selector","selector":"input[id='first_name]"}
  (Session info: chrome=114.0.5735.110)
For documentation on this error, please visit: https://www.seleniumhq.org/exceptions/no_such_element.html
Build info: version: '3.141.59', revision: 'e82be7d358', time: '2018-11-14T08:17:03'
System info: host: 'HP', ip: '192.168.0.130', os.name: 'Windows 11', os.arch: 'amd64', os.version: '10.0', java.version: '1.8.0_361'
Driver info: org.openqa.selenium.chrome.ChromeDriver
Capabilities {acceptInsecureCerts: false, browserName: chrome, browserVersion: 114.0.5735.110, chrome: {chromedriverVersion: 114.0.5735.90 (386bc09e8f4f..., userDataDir: C:\Users\melek\AppData\Loca...}, goog:chromeOptions: {debuggerAddress: localhost:65256}, javascriptEnabled: true, networkConnectionEnabled: false, pageLoadStrategy: normal, platform: WINDOWS, platformName: WINDOWS, proxy: Proxy(), setWindowRect: true, strictFileInteractability: false, timeouts: {implicit: 0, pageLoad: 300000, script: 30000}, unhandledPromptBehavior: dismiss and notify, webauthn:extension:credBlob: true, webauthn:extension:largeBlob: true, webauthn:extension:minPinLength: true, webauthn:extension:prf: true, webauthn:virtualAuthenticators: true}
Session ID: ed92a8f82bfad5975cfebc0443fb86b6
*** Element info: {Using=css selector, value=input[id='first_name]}]]>
            </message>
            <full-stacktrace>
              <![CDATA[org.openqa.selenium.NoSuchElementException: no such element: Unable to locate element: {"method":"css selector","selector":"input[id='first_name]"}
  (Session info: chrome=114.0.5735.110)
For documentation on this error, please visit: https://www.seleniumhq.org/exceptions/no_such_element.html
Build info: version: '3.141.59', revision: 'e82be7d358', time: '2018-11-14T08:17:03'
System info: host: 'HP', ip: '192.168.0.130', os.name: 'Windows 11', os.arch: 'amd64', os.version: '10.0', java.version: '1.8.0_361'
Driver info: org.openqa.selenium.chrome.ChromeDriver
Capabilities {acceptInsecureCerts: false, browserName: chrome, browserVersion: 114.0.5735.110, chrome: {chromedriverVersion: 114.0.5735.90 (386bc09e8f4f..., userDataDir: C:\Users\melek\AppData\Loca...}, goog:chromeOptions: {debuggerAddress: localhost:65256}, javascriptEnabled: true, networkConnectionEnabled: false, pageLoadStrategy: normal, platform: WINDOWS, platformName: WINDOWS, proxy: Proxy(), setWindowRect: true, strictFileInteractability: false, timeouts: {implicit: 0, pageLoad: 300000, script: 30000}, unhandledPromptBehavior: dismiss and notify, webauthn:extension:credBlob: true, webauthn:extension:largeBlob: true, webauthn:extension:minPinLength: true, webauthn:extension:prf: true, webauthn:virtualAuthenticators: true}
Session ID: ed92a8f82bfad5975cfebc0443fb86b6
*** Element info: {Using=css selector, value=input[id='first_name]}
at sun.reflect.NativeConstructorAccessorImpl.newInstance0(Native Method)
at sun.reflect.NativeConstructorAccessorImpl.newInstance(NativeConstructorAccessorImpl.java:62)
at sun.reflect.DelegatingConstructorAccessorImpl.newInstance(DelegatingConstructorAccessorImpl.java:45)
at java.lang.reflect.Constructor.newInstance(Constructor.java:423)
at org.openqa.selenium.remote.http.W3CHttpResponseCodec.createException(W3CHttpResponseCodec.java:187)
at org.openqa.selenium.remote.http.W3CHttpResponseCodec.decode(W3CHttpResponseCodec.java:122)
at org.openqa.selenium.remote.http.W3CHttpResponseCodec.decode(W3CHttpResponseCodec.java:49)
at org.openqa.selenium.remote.HttpCommandExecutor.execute(HttpCommandExecutor.java:158)
at org.openqa.selenium.remote.service.DriverCommandExecutor.execute(DriverCommandExecutor.java:83)
at org.openqa.selenium.remote.RemoteWebDriver.execute(RemoteWebDriver.java:552)
at org.openqa.selenium.remote.RemoteWebDriver.findElement(RemoteWebDriver.java:323)
at org.openqa.selenium.remote.RemoteWebDriver.findElementByCssSelector(RemoteWebDriver.java:420)
at org.openqa.selenium.By$ByCssSelector.findElement(By.java:431)
at org.openqa.selenium.remote.RemoteWebDriver.findElement(RemoteWebDriver.java:315)
at scripts._13_IFrameTest.validateTheFormSubmission(_13_IFrameTest.java:50)
at sun.reflect.NativeMethodAccessorImpl.invoke0(Native Method)
at sun.reflect.NativeMethodAccessorImpl.invoke(NativeMethodAccessorImpl.java:62)
at sun.reflect.DelegatingMethodAccessorImpl.invoke(DelegatingMethodAccessorImpl.java:43)
at java.lang.reflect.Method.invoke(Method.java:498)
at org.testng.internal.MethodInvocationHelper.invokeMethod(MethodInvocationHelper.java:134)
at org.testng.internal.TestInvoker.invokeMethod(TestInvoker.java:597)
at org.testng.internal.TestInvoker.invokeTestMethod(TestInvoker.java:173)
at org.testng.internal.MethodRunner.runInSequence(MethodRunner.java:46)
at org.testng.internal.TestInvoker$MethodInvocationAgent.invoke(TestInvoker.java:816)
at org.testng.internal.TestInvoker.invokeTestMethods(TestInvoker.java:146)
at org.testng.internal.TestMethodWorker.invokeTestMethods(TestMethodWorker.java:146)
at org.testng.internal.TestMethodWorker.run(TestMethodWorker.java:128)
at java.util.ArrayList.forEach(ArrayList.java:1259)
at org.testng.TestRunner.privateRun(TestRunner.java:766)
at org.testng.TestRunner.run(TestRunner.java:587)
at org.testng.SuiteRunner.runTest(SuiteRunner.java:384)
at org.testng.SuiteRunner.runSequentially(SuiteRunner.java:378)
at org.testng.SuiteRunner.privateRun(SuiteRunner.java:337)
at org.testng.SuiteRunner.run(SuiteRunner.java:286)
at org.testng.SuiteRunnerWorker.runSuite(SuiteRunnerWorker.java:53)
at org.testng.SuiteRunnerWorker.run(SuiteRunnerWorker.java:96)
at org.testng.TestNG.runSuitesSequentially(TestNG.java:1187)
at org.testng.TestNG.runSuitesLocally(TestNG.java:1109)
at org.testng.TestNG.runSuites(TestNG.java:1039)
at org.testng.TestNG.run(TestNG.java:1007)
at org.apache.maven.surefire.testng.TestNGExecutor.run(TestNGExecutor.java:281)
at org.apache.maven.surefire.testng.TestNGXmlTestSuite.execute(TestNGXmlTestSuite.java:75)
at org.apache.maven.surefire.testng.TestNGProvider.invoke(TestNGProvider.java:121)
at org.apache.maven.surefire.booter.ForkedBooter.invokeProviderInSameClassLoader(ForkedBooter.java:290)
at org.apache.maven.surefire.booter.ForkedBooter.runSuitesInProcess(ForkedBooter.java:242)
at org.apache.maven.surefire.booter.ForkedBooter.main(ForkedBooter.java:121)
]]>
            </full-stacktrace>
          </exception> <!-- org.openqa.selenium.NoSuchElementException -->
          <reporter-output>
          </reporter-output>
        </test-method> <!-- validateTheFormSubmission -->
        <test-method status="PASS" signature="tearDown()[pri:0, instance:scripts._13_IFrameTest@21213b92]" name="tearDown" is-config="true" duration-ms="843" started-at="2023-06-05T21:07:29 EDT" finished-at="2023-06-05T21:07:29 EDT">
          <reporter-output>
          </reporter-output>
        </test-method> <!-- tearDown -->
      </class> <!-- scripts._13_IFrameTest -->
      <class name="scripts._01_GoogleTest">
        <test-method status="PASS" signature="setup()[pri:0, instance:scripts._01_GoogleTest@10bdf5e5]" name="setup" is-config="true" duration-ms="3713" started-at="2023-06-05T21:03:25 EDT" finished-at="2023-06-05T21:03:29 EDT">
          <reporter-output>
          </reporter-output>
        </test-method> <!-- setup -->
        <test-method status="PASS" signature="validateNavigation()[pri:0, instance:scripts._01_GoogleTest@10bdf5e5]" name="validateNavigation" duration-ms="10674" started-at="2023-06-05T21:03:29 EDT" finished-at="2023-06-05T21:03:39 EDT">
          <reporter-output>
          </reporter-output>
        </test-method> <!-- validateNavigation -->
        <test-method status="PASS" signature="tearDown()[pri:0, instance:scripts._01_GoogleTest@10bdf5e5]" name="tearDown" is-config="true" duration-ms="3819" started-at="2023-06-05T21:03:39 EDT" finished-at="2023-06-05T21:03:43 EDT">
          <reporter-output>
          </reporter-output>
        </test-method> <!-- tearDown -->
        <test-method status="PASS" signature="setup()[pri:0, instance:scripts._01_GoogleTest@10bdf5e5]" name="setup" is-config="true" duration-ms="2641" started-at="2023-06-05T21:03:43 EDT" finished-at="2023-06-05T21:03:46 EDT">
          <reporter-output>
          </reporter-output>
        </test-method> <!-- setup -->
        <test-method status="PASS" signature="validateSearchButton()[pri:0, instance:scripts._01_GoogleTest@10bdf5e5]" name="validateSearchButton" duration-ms="171" started-at="2023-06-05T21:03:46 EDT" finished-at="2023-06-05T21:03:46 EDT">
          <reporter-output>
          </reporter-output>
        </test-method> <!-- validateSearchButton -->
        <test-method status="PASS" signature="tearDown()[pri:0, instance:scripts._01_GoogleTest@10bdf5e5]" name="tearDown" is-config="true" duration-ms="3795" started-at="2023-06-05T21:03:46 EDT" finished-at="2023-06-05T21:03:50 EDT">
          <reporter-output>
          </reporter-output>
        </test-method> <!-- tearDown -->
        <test-method status="PASS" signature="setup()[pri:0, instance:scripts._01_GoogleTest@10bdf5e5]" name="setup" is-config="true" duration-ms="2591" started-at="2023-06-05T21:04:00 EDT" finished-at="2023-06-05T21:04:03 EDT">
          <reporter-output>
          </reporter-output>
        </test-method> <!-- setup -->
        <test-method status="PASS" signature="validateTitleAndURL()[pri:1, instance:scripts._01_GoogleTest@10bdf5e5]" name="validateTitleAndURL" duration-ms="39" started-at="2023-06-05T21:04:03 EDT" finished-at="2023-06-05T21:04:03 EDT">
          <reporter-output>
          </reporter-output>
        </test-method> <!-- validateTitleAndURL -->
        <test-method status="PASS" signature="tearDown()[pri:0, instance:scripts._01_GoogleTest@10bdf5e5]" name="tearDown" is-config="true" duration-ms="3912" started-at="2023-06-05T21:04:03 EDT" finished-at="2023-06-05T21:04:07 EDT">
          <reporter-output>
          </reporter-output>
        </test-method> <!-- tearDown -->
      </class> <!-- scripts._01_GoogleTest -->
      <class name="scripts._06_WikiTest">
        <test-method status="PASS" signature="setUp()[pri:0, instance:scripts._06_WikiTest@60c6f5b]" name="setUp" is-config="true" duration-ms="1883" started-at="2023-06-05T21:04:39 EDT" finished-at="2023-06-05T21:04:40 EDT">
          <reporter-output>
          </reporter-output>
        </test-method> <!-- setUp -->
        <test-method status="PASS" signature="setPage()[pri:0, instance:scripts._06_WikiTest@60c6f5b]" name="setPage" is-config="true" duration-ms="612" started-at="2023-06-05T21:04:40 EDT" finished-at="2023-06-05T21:04:41 EDT">
          <reporter-output>
          </reporter-output>
        </test-method> <!-- setPage -->
        <test-method status="PASS" signature="validateWikiSearch2()[pri:0, instance:scripts._06_WikiTest@60c6f5b]" name="validateWikiSearch2" duration-ms="856" started-at="2023-06-05T21:04:41 EDT" finished-at="2023-06-05T21:04:42 EDT">
          <reporter-output>
          </reporter-output>
        </test-method> <!-- validateWikiSearch2 -->
        <test-method status="PASS" signature="tearDown()[pri:0, instance:scripts._06_WikiTest@60c6f5b]" name="tearDown" is-config="true" duration-ms="788" started-at="2023-06-05T21:04:42 EDT" finished-at="2023-06-05T21:04:43 EDT">
          <reporter-output>
          </reporter-output>
        </test-method> <!-- tearDown -->
      </class> <!-- scripts._06_WikiTest -->
      <class name="scripts._03_TGLocatorsTest">
        <test-method status="PASS" signature="setUp()[pri:0, instance:scripts._03_TGLocatorsTest@7e0b0338]" name="setUp" is-config="true" duration-ms="2153" started-at="2023-06-05T21:03:56 EDT" finished-at="2023-06-05T21:03:59 EDT">
          <reporter-output>
          </reporter-output>
        </test-method> <!-- setUp -->
        <test-method status="PASS" signature="setPage()[pri:0, instance:scripts._03_TGLocatorsTest@7e0b0338]" name="setPage" is-config="true" duration-ms="930" started-at="2023-06-05T21:03:59 EDT" finished-at="2023-06-05T21:03:59 EDT">
          <reporter-output>
          </reporter-output>
        </test-method> <!-- setPage -->
        <test-method status="PASS" signature="validateKiwiParagraph()[pri:1, instance:scripts._03_TGLocatorsTest@7e0b0338]" name="validateKiwiParagraph" duration-ms="91" started-at="2023-06-05T21:03:59 EDT" finished-at="2023-06-05T21:04:00 EDT">
          <reporter-output>
          </reporter-output>
        </test-method> <!-- validateKiwiParagraph -->
        <test-method status="PASS" signature="tearDown()[pri:0, instance:scripts._03_TGLocatorsTest@7e0b0338]" name="tearDown" is-config="true" duration-ms="822" started-at="2023-06-05T21:04:00 EDT" finished-at="2023-06-05T21:04:00 EDT">
          <reporter-output>
          </reporter-output>
        </test-method> <!-- tearDown -->
        <test-method status="PASS" signature="setUp()[pri:0, instance:scripts._03_TGLocatorsTest@7e0b0338]" name="setUp" is-config="true" duration-ms="1950" started-at="2023-06-05T21:04:07 EDT" finished-at="2023-06-05T21:04:09 EDT">
          <reporter-output>
          </reporter-output>
        </test-method> <!-- setUp -->
        <test-method status="PASS" signature="setPage()[pri:0, instance:scripts._03_TGLocatorsTest@7e0b0338]" name="setPage" is-config="true" duration-ms="803" started-at="2023-06-05T21:04:09 EDT" finished-at="2023-06-05T21:04:10 EDT">
          <reporter-output>
          </reporter-output>
        </test-method> <!-- setPage -->
        <test-method status="PASS" signature="validateOrangeParagraph()[pri:2, instance:scripts._03_TGLocatorsTest@7e0b0338]" name="validateOrangeParagraph" duration-ms="239" started-at="2023-06-05T21:04:10 EDT" finished-at="2023-06-05T21:04:10 EDT">
          <reporter-output>
          </reporter-output>
        </test-method> <!-- validateOrangeParagraph -->
        <test-method status="PASS" signature="tearDown()[pri:0, instance:scripts._03_TGLocatorsTest@7e0b0338]" name="tearDown" is-config="true" duration-ms="811" started-at="2023-06-05T21:04:10 EDT" finished-at="2023-06-05T21:04:11 EDT">
          <reporter-output>
          </reporter-output>
        </test-method> <!-- tearDown -->
        <test-method status="PASS" signature="setUp()[pri:0, instance:scripts._03_TGLocatorsTest@7e0b0338]" name="setUp" is-config="true" duration-ms="1894" started-at="2023-06-05T21:04:11 EDT" finished-at="2023-06-05T21:04:13 EDT">
          <reporter-output>
          </reporter-output>
        </test-method> <!-- setUp -->
        <test-method status="PASS" signature="setPage()[pri:0, instance:scripts._03_TGLocatorsTest@7e0b0338]" name="setPage" is-config="true" duration-ms="917" started-at="2023-06-05T21:04:13 EDT" finished-at="2023-06-05T21:04:14 EDT">
          <reporter-output>
          </reporter-output>
        </test-method> <!-- setPage -->
        <test-method status="PASS" signature="validateGrapesParagraph()[pri:3, instance:scripts._03_TGLocatorsTest@7e0b0338]" name="validateGrapesParagraph" duration-ms="86" started-at="2023-06-05T21:04:14 EDT" finished-at="2023-06-05T21:04:14 EDT">
          <reporter-output>
          </reporter-output>
        </test-method> <!-- validateGrapesParagraph -->
        <test-method status="PASS" signature="tearDown()[pri:0, instance:scripts._03_TGLocatorsTest@7e0b0338]" name="tearDown" is-config="true" duration-ms="799" started-at="2023-06-05T21:04:14 EDT" finished-at="2023-06-05T21:04:14 EDT">
          <reporter-output>
          </reporter-output>
        </test-method> <!-- tearDown -->
        <test-method status="PASS" signature="setUp()[pri:0, instance:scripts._03_TGLocatorsTest@7e0b0338]" name="setUp" is-config="true" duration-ms="1885" started-at="2023-06-05T21:04:14 EDT" finished-at="2023-06-05T21:04:16 EDT">
          <reporter-output>
          </reporter-output>
        </test-method> <!-- setUp -->
        <test-method status="PASS" signature="setPage()[pri:0, instance:scripts._03_TGLocatorsTest@7e0b0338]" name="setPage" is-config="true" duration-ms="799" started-at="2023-06-05T21:04:16 EDT" finished-at="2023-06-05T21:04:17 EDT">
          <reporter-output>
          </reporter-output>
        </test-method> <!-- setPage -->
        <test-method status="PASS" signature="validateRedAppleLink()[pri:5, instance:scripts._03_TGLocatorsTest@7e0b0338]" name="validateRedAppleLink" duration-ms="110" started-at="2023-06-05T21:04:17 EDT" finished-at="2023-06-05T21:04:17 EDT">
          <reporter-output>
          </reporter-output>
        </test-method> <!-- validateRedAppleLink -->
        <test-method status="PASS" signature="tearDown()[pri:0, instance:scripts._03_TGLocatorsTest@7e0b0338]" name="tearDown" is-config="true" duration-ms="767" started-at="2023-06-05T21:04:17 EDT" finished-at="2023-06-05T21:04:18 EDT">
          <reporter-output>
          </reporter-output>
        </test-method> <!-- tearDown -->
        <test-method status="PASS" signature="setUp()[pri:0, instance:scripts._03_TGLocatorsTest@7e0b0338]" name="setUp" is-config="true" duration-ms="1842" started-at="2023-06-05T21:04:18 EDT" finished-at="2023-06-05T21:04:20 EDT">
          <reporter-output>
          </reporter-output>
        </test-method> <!-- setUp -->
        <test-method status="PASS" signature="setPage()[pri:0, instance:scripts._03_TGLocatorsTest@7e0b0338]" name="setPage" is-config="true" duration-ms="955" started-at="2023-06-05T21:04:20 EDT" finished-at="2023-06-05T21:04:21 EDT">
          <reporter-output>
          </reporter-output>
        </test-method> <!-- setPage -->
        <test-method status="PASS" signature="validateAllLinks()[pri:6, instance:scripts._03_TGLocatorsTest@7e0b0338]" name="validateAllLinks" duration-ms="278" started-at="2023-06-05T21:04:21 EDT" finished-at="2023-06-05T21:04:21 EDT">
          <reporter-output>
          </reporter-output>
        </test-method> <!-- validateAllLinks -->
        <test-method status="PASS" signature="tearDown()[pri:0, instance:scripts._03_TGLocatorsTest@7e0b0338]" name="tearDown" is-config="true" duration-ms="786" started-at="2023-06-05T21:04:21 EDT" finished-at="2023-06-05T21:04:22 EDT">
          <reporter-output>
          </reporter-output>
        </test-method> <!-- tearDown -->
      </class> <!-- scripts._03_TGLocatorsTest -->
      <class name="scripts._05_FacebookTest">
        <test-method status="PASS" signature="setUp()[pri:0, instance:scripts._05_FacebookTest@1e127982]" name="setUp" is-config="true" duration-ms="1913" started-at="2023-06-05T21:04:34 EDT" finished-at="2023-06-05T21:04:36 EDT">
          <reporter-output>
          </reporter-output>
        </test-method> <!-- setUp -->
        <test-method status="PASS" signature="setPage()[pri:0, instance:scripts._05_FacebookTest@1e127982]" name="setPage" is-config="true" duration-ms="793" started-at="2023-06-05T21:04:36 EDT" finished-at="2023-06-05T21:04:36 EDT">
          <reporter-output>
          </reporter-output>
        </test-method> <!-- setPage -->
        <test-method status="PASS" signature="validateFacebookInvalidLoginAttempt()[pri:0, instance:scripts._05_FacebookTest@1e127982]" name="validateFacebookInvalidLoginAttempt" duration-ms="1236" started-at="2023-06-05T21:04:36 EDT" finished-at="2023-06-05T21:04:38 EDT">
          <reporter-output>
          </reporter-output>
        </test-method> <!-- validateFacebookInvalidLoginAttempt -->
        <test-method status="PASS" signature="tearDown()[pri:0, instance:scripts._05_FacebookTest@1e127982]" name="tearDown" is-config="true" duration-ms="822" started-at="2023-06-05T21:04:38 EDT" finished-at="2023-06-05T21:04:39 EDT">
          <reporter-output>
          </reporter-output>
        </test-method> <!-- tearDown -->
      </class> <!-- scripts._05_FacebookTest -->
      <class name="scripts._15_TGFileUpload">
        <test-method status="PASS" signature="setUp()[pri:0, instance:scripts._15_TGFileUpload@3327bd23]" name="setUp" is-config="true" duration-ms="1890" started-at="2023-06-05T21:08:01 EDT" finished-at="2023-06-05T21:08:03 EDT">
          <reporter-output>
          </reporter-output>
        </test-method> <!-- setUp -->
        <test-method status="PASS" signature="setPage()[pri:0, instance:scripts._15_TGFileUpload@3327bd23]" name="setPage" is-config="true" duration-ms="1273" started-at="2023-06-05T21:08:03 EDT" finished-at="2023-06-05T21:08:04 EDT">
          <reporter-output>
          </reporter-output>
        </test-method> <!-- setPage -->
        <test-method status="PASS" signature="basicFileUpload()[pri:0, instance:scripts._15_TGFileUpload@3327bd23]" name="basicFileUpload" duration-ms="3318" started-at="2023-06-05T21:08:04 EDT" finished-at="2023-06-05T21:08:07 EDT">
          <reporter-output>
          </reporter-output>
        </test-method> <!-- basicFileUpload -->
        <test-method status="PASS" signature="tearDown()[pri:0, instance:scripts._15_TGFileUpload@3327bd23]" name="tearDown" is-config="true" duration-ms="790" started-at="2023-06-05T21:08:07 EDT" finished-at="2023-06-05T21:08:08 EDT">
          <reporter-output>
          </reporter-output>
        </test-method> <!-- tearDown -->
      </class> <!-- scripts._15_TGFileUpload -->
      <class name="scripts._17_TGStaticTableTest">
        <test-method status="PASS" signature="setUp()[pri:0, instance:scripts._17_TGStaticTableTest@66480dd7]" name="setUp" is-config="true" duration-ms="1835" started-at="2023-06-05T21:08:12 EDT" finished-at="2023-06-05T21:08:14 EDT">
          <reporter-output>
          </reporter-output>
        </test-method> <!-- setUp -->
        <test-method status="PASS" signature="setPage()[pri:0, instance:scripts._17_TGStaticTableTest@66480dd7]" name="setPage" is-config="true" duration-ms="2734" started-at="2023-06-05T21:08:14 EDT" finished-at="2023-06-05T21:08:17 EDT">
          <reporter-output>
          </reporter-output>
        </test-method> <!-- setPage -->
        <test-method status="PASS" signature="validateEachCell()[pri:0, instance:scripts._17_TGStaticTableTest@66480dd7]" name="validateEachCell" duration-ms="427" started-at="2023-06-05T21:08:17 EDT" finished-at="2023-06-05T21:08:17 EDT">
          <reporter-output>
          </reporter-output>
        </test-method> <!-- validateEachCell -->
        <test-method status="PASS" signature="tearDown()[pri:0, instance:scripts._17_TGStaticTableTest@66480dd7]" name="tearDown" is-config="true" duration-ms="765" started-at="2023-06-05T21:08:17 EDT" finished-at="2023-06-05T21:08:18 EDT">
          <reporter-output>
          </reporter-output>
        </test-method> <!-- tearDown -->
        <test-method status="PASS" signature="setUp()[pri:0, instance:scripts._17_TGStaticTableTest@66480dd7]" name="setUp" is-config="true" duration-ms="1874" started-at="2023-06-05T21:08:18 EDT" finished-at="2023-06-05T21:08:20 EDT">
          <reporter-output>
          </reporter-output>
        </test-method> <!-- setUp -->
        <test-method status="PASS" signature="setPage()[pri:0, instance:scripts._17_TGStaticTableTest@66480dd7]" name="setPage" is-config="true" duration-ms="1224" started-at="2023-06-05T21:08:20 EDT" finished-at="2023-06-05T21:08:21 EDT">
          <reporter-output>
          </reporter-output>
        </test-method> <!-- setPage -->
        <test-method status="PASS" signature="validateFirstRow()[pri:0, instance:scripts._17_TGStaticTableTest@66480dd7]" name="validateFirstRow" duration-ms="98" started-at="2023-06-05T21:08:21 EDT" finished-at="2023-06-05T21:08:21 EDT">
          <reporter-output>
          </reporter-output>
        </test-method> <!-- validateFirstRow -->
        <test-method status="PASS" signature="tearDown()[pri:0, instance:scripts._17_TGStaticTableTest@66480dd7]" name="tearDown" is-config="true" duration-ms="799" started-at="2023-06-05T21:08:21 EDT" finished-at="2023-06-05T21:08:22 EDT">
          <reporter-output>
          </reporter-output>
        </test-method> <!-- tearDown -->
        <test-method status="PASS" signature="setUp()[pri:0, instance:scripts._17_TGStaticTableTest@66480dd7]" name="setUp" is-config="true" duration-ms="1876" started-at="2023-06-05T21:08:22 EDT" finished-at="2023-06-05T21:08:24 EDT">
          <reporter-output>
          </reporter-output>
        </test-method> <!-- setUp -->
        <test-method status="PASS" signature="setPage()[pri:0, instance:scripts._17_TGStaticTableTest@66480dd7]" name="setPage" is-config="true" duration-ms="1178" started-at="2023-06-05T21:08:24 EDT" finished-at="2023-06-05T21:08:25 EDT">
          <reporter-output>
          </reporter-output>
        </test-method> <!-- setPage -->
        <test-method status="PASS" signature="validateLastColumn()[pri:0, instance:scripts._17_TGStaticTableTest@66480dd7]" name="validateLastColumn" duration-ms="127" started-at="2023-06-05T21:08:25 EDT" finished-at="2023-06-05T21:08:25 EDT">
          <reporter-output>
          </reporter-output>
        </test-method> <!-- validateLastColumn -->
        <test-method status="PASS" signature="tearDown()[pri:0, instance:scripts._17_TGStaticTableTest@66480dd7]" name="tearDown" is-config="true" duration-ms="759" started-at="2023-06-05T21:08:25 EDT" finished-at="2023-06-05T21:08:26 EDT">
          <reporter-output>
          </reporter-output>
        </test-method> <!-- tearDown -->
        <test-method status="PASS" signature="setUp()[pri:0, instance:scripts._17_TGStaticTableTest@66480dd7]" name="setUp" is-config="true" duration-ms="1801" started-at="2023-06-05T21:08:26 EDT" finished-at="2023-06-05T21:08:28 EDT">
          <reporter-output>
          </reporter-output>
        </test-method> <!-- setUp -->
        <test-method status="PASS" signature="setPage()[pri:0, instance:scripts._17_TGStaticTableTest@66480dd7]" name="setPage" is-config="true" duration-ms="1107" started-at="2023-06-05T21:08:28 EDT" finished-at="2023-06-05T21:08:29 EDT">
          <reporter-output>
          </reporter-output>
        </test-method> <!-- setPage -->
        <test-method status="PASS" signature="validateTableHeader()[pri:0, instance:scripts._17_TGStaticTableTest@66480dd7]" name="validateTableHeader" duration-ms="81" started-at="2023-06-05T21:08:29 EDT" finished-at="2023-06-05T21:08:29 EDT">
          <reporter-output>
          </reporter-output>
        </test-method> <!-- validateTableHeader -->
        <test-method status="PASS" signature="tearDown()[pri:0, instance:scripts._17_TGStaticTableTest@66480dd7]" name="tearDown" is-config="true" duration-ms="780" started-at="2023-06-05T21:08:29 EDT" finished-at="2023-06-05T21:08:30 EDT">
          <reporter-output>
          </reporter-output>
        </test-method> <!-- tearDown -->
      </class> <!-- scripts._17_TGStaticTableTest -->
      <class name="scripts._18_TGSortableTableTest">
        <test-method status="PASS" signature="setUp()[pri:0, instance:scripts._18_TGSortableTableTest@52a86356]" name="setUp" is-config="true" duration-ms="1862" started-at="2023-06-05T21:08:30 EDT" finished-at="2023-06-05T21:08:31 EDT">
          <reporter-output>
          </reporter-output>
        </test-method> <!-- setUp -->
        <test-method status="PASS" signature="setPage()[pri:0, instance:scripts._18_TGSortableTableTest@52a86356]" name="setPage" is-config="true" duration-ms="1178" started-at="2023-06-05T21:08:31 EDT" finished-at="2023-06-05T21:08:33 EDT">
          <reporter-output>
          </reporter-output>
        </test-method> <!-- setPage -->
        <test-method status="PASS" signature="validateSortAscByQuantity()[pri:0, instance:scripts._18_TGSortableTableTest@52a86356]" name="validateSortAscByQuantity" duration-ms="2215" started-at="2023-06-05T21:08:33 EDT" finished-at="2023-06-05T21:08:35 EDT">
          <reporter-output>
          </reporter-output>
        </test-method> <!-- validateSortAscByQuantity -->
        <test-method status="PASS" signature="tearDown()[pri:0, instance:scripts._18_TGSortableTableTest@52a86356]" name="tearDown" is-config="true" duration-ms="762" started-at="2023-06-05T21:08:35 EDT" finished-at="2023-06-05T21:08:36 EDT">
          <reporter-output>
          </reporter-output>
        </test-method> <!-- tearDown -->
      </class> <!-- scripts._18_TGSortableTableTest -->
      <class name="scripts._11_TGDropdownsTest">
        <test-method status="PASS" signature="setUp()[pri:0, instance:scripts._11_TGDropdownsTest@31610302]" name="setUp" is-config="true" duration-ms="1841" started-at="2023-06-05T21:05:58 EDT" finished-at="2023-06-05T21:06:00 EDT">
          <reporter-output>
          </reporter-output>
        </test-method> <!-- setUp -->
        <test-method status="PASS" signature="setPage()[pri:0, instance:scripts._11_TGDropdownsTest@31610302]" name="setPage" is-config="true" duration-ms="1099" started-at="2023-06-05T21:06:00 EDT" finished-at="2023-06-05T21:06:01 EDT">
          <reporter-output>
          </reporter-output>
        </test-method> <!-- setPage -->
        <test-method status="PASS" signature="dropdownTestCase()[pri:0, instance:scripts._11_TGDropdownsTest@31610302]" name="dropdownTestCase" duration-ms="588" started-at="2023-06-05T21:06:01 EDT" finished-at="2023-06-05T21:06:02 EDT">
          <reporter-output>
          </reporter-output>
        </test-method> <!-- dropdownTestCase -->
        <test-method status="PASS" signature="tearDown()[pri:0, instance:scripts._11_TGDropdownsTest@31610302]" name="tearDown" is-config="true" duration-ms="748" started-at="2023-06-05T21:06:02 EDT" finished-at="2023-06-05T21:06:03 EDT">
          <reporter-output>
          </reporter-output>
        </test-method> <!-- tearDown -->
        <test-method status="PASS" signature="setUp()[pri:0, instance:scripts._11_TGDropdownsTest@31610302]" name="setUp" is-config="true" duration-ms="1798" started-at="2023-06-05T21:06:03 EDT" finished-at="2023-06-05T21:06:04 EDT">
          <reporter-output>
          </reporter-output>
        </test-method> <!-- setUp -->
        <test-method status="PASS" signature="setPage()[pri:0, instance:scripts._11_TGDropdownsTest@31610302]" name="setPage" is-config="true" duration-ms="1111" started-at="2023-06-05T21:06:04 EDT" finished-at="2023-06-05T21:06:06 EDT">
          <reporter-output>
          </reporter-output>
        </test-method> <!-- setPage -->
        <test-method status="PASS" signature="productColorTest()[pri:0, instance:scripts._11_TGDropdownsTest@31610302]" name="productColorTest" duration-ms="208" started-at="2023-06-05T21:06:06 EDT" finished-at="2023-06-05T21:06:06 EDT">
          <reporter-output>
          </reporter-output>
        </test-method> <!-- productColorTest -->
        <test-method status="PASS" signature="tearDown()[pri:0, instance:scripts._11_TGDropdownsTest@31610302]" name="tearDown" is-config="true" duration-ms="773" started-at="2023-06-05T21:06:06 EDT" finished-at="2023-06-05T21:06:07 EDT">
          <reporter-output>
          </reporter-output>
        </test-method> <!-- tearDown -->
        <test-method status="PASS" signature="setUp()[pri:0, instance:scripts._11_TGDropdownsTest@31610302]" name="setUp" is-config="true" duration-ms="1835" started-at="2023-06-05T21:06:07 EDT" finished-at="2023-06-05T21:06:08 EDT">
          <reporter-output>
          </reporter-output>
        </test-method> <!-- setUp -->
        <test-method status="PASS" signature="setPage()[pri:0, instance:scripts._11_TGDropdownsTest@31610302]" name="setPage" is-config="true" duration-ms="1025" started-at="2023-06-05T21:06:08 EDT" finished-at="2023-06-05T21:06:09 EDT">
          <reporter-output>
          </reporter-output>
        </test-method> <!-- setPage -->
        <test-method status="PASS" signature="productDeliveryTest()[pri:0, instance:scripts._11_TGDropdownsTest@31610302]" name="productDeliveryTest" duration-ms="30108" started-at="2023-06-05T21:06:09 EDT" finished-at="2023-06-05T21:06:39 EDT">
          <reporter-output>
          </reporter-output>
        </test-method> <!-- productDeliveryTest -->
        <test-method status="PASS" signature="tearDown()[pri:0, instance:scripts._11_TGDropdownsTest@31610302]" name="tearDown" is-config="true" duration-ms="773" started-at="2023-06-05T21:06:39 EDT" finished-at="2023-06-05T21:06:40 EDT">
          <reporter-output>
          </reporter-output>
        </test-method> <!-- tearDown -->
        <test-method status="PASS" signature="setUp()[pri:0, instance:scripts._11_TGDropdownsTest@31610302]" name="setUp" is-config="true" duration-ms="1578" started-at="2023-06-05T21:06:40 EDT" finished-at="2023-06-05T21:06:42 EDT">
          <reporter-output>
          </reporter-output>
        </test-method> <!-- setUp -->
        <test-method status="PASS" signature="setPage()[pri:0, instance:scripts._11_TGDropdownsTest@31610302]" name="setPage" is-config="true" duration-ms="1267" started-at="2023-06-05T21:06:42 EDT" finished-at="2023-06-05T21:06:43 EDT">
          <reporter-output>
          </reporter-output>
        </test-method> <!-- setPage -->
        <test-method status="PASS" signature="productDropdownTest()[pri:0, instance:scripts._11_TGDropdownsTest@31610302]" name="productDropdownTest" duration-ms="168" started-at="2023-06-05T21:06:43 EDT" finished-at="2023-06-05T21:06:43 EDT">
          <reporter-output>
          </reporter-output>
        </test-method> <!-- productDropdownTest -->
        <test-method status="PASS" signature="tearDown()[pri:0, instance:scripts._11_TGDropdownsTest@31610302]" name="tearDown" is-config="true" duration-ms="798" started-at="2023-06-05T21:06:43 EDT" finished-at="2023-06-05T21:06:44 EDT">
          <reporter-output>
          </reporter-output>
        </test-method> <!-- tearDown -->
      </class> <!-- scripts._11_TGDropdownsTest -->
      <class name="scripts._12_TGAlertsTest">
        <test-method status="PASS" signature="setUp()[pri:0, instance:scripts._12_TGAlertsTest@71318ec4]" name="setUp" is-config="true" duration-ms="1852" started-at="2023-06-05T21:06:44 EDT" finished-at="2023-06-05T21:06:46 EDT">
          <reporter-output>
          </reporter-output>
        </test-method> <!-- setUp -->
        <test-method status="PASS" signature="setPage()[pri:0, instance:scripts._12_TGAlertsTest@71318ec4]" name="setPage" is-config="true" duration-ms="1168" started-at="2023-06-05T21:06:46 EDT" finished-at="2023-06-05T21:06:47 EDT">
          <reporter-output>
          </reporter-output>
        </test-method> <!-- setPage -->
        <test-method status="PASS" signature="confirmationAlert()[pri:0, instance:scripts._12_TGAlertsTest@71318ec4]" name="confirmationAlert" duration-ms="287" started-at="2023-06-05T21:06:47 EDT" finished-at="2023-06-05T21:06:47 EDT">
          <reporter-output>
          </reporter-output>
        </test-method> <!-- confirmationAlert -->
        <test-method status="PASS" signature="tearDown()[pri:0, instance:scripts._12_TGAlertsTest@71318ec4]" name="tearDown" is-config="true" duration-ms="781" started-at="2023-06-05T21:06:47 EDT" finished-at="2023-06-05T21:06:48 EDT">
          <reporter-output>
          </reporter-output>
        </test-method> <!-- tearDown -->
        <test-method status="PASS" signature="setUp()[pri:0, instance:scripts._12_TGAlertsTest@71318ec4]" name="setUp" is-config="true" duration-ms="1766" started-at="2023-06-05T21:06:48 EDT" finished-at="2023-06-05T21:06:50 EDT">
          <reporter-output>
          </reporter-output>
        </test-method> <!-- setUp -->
        <test-method status="PASS" signature="setPage()[pri:0, instance:scripts._12_TGAlertsTest@71318ec4]" name="setPage" is-config="true" duration-ms="1089" started-at="2023-06-05T21:06:50 EDT" finished-at="2023-06-05T21:06:51 EDT">
          <reporter-output>
          </reporter-output>
        </test-method> <!-- setPage -->
        <test-method status="PASS" signature="warningAlert()[pri:0, instance:scripts._12_TGAlertsTest@71318ec4]" name="warningAlert" duration-ms="171" started-at="2023-06-05T21:06:51 EDT" finished-at="2023-06-05T21:06:51 EDT">
          <reporter-output>
          </reporter-output>
        </test-method> <!-- warningAlert -->
        <test-method status="PASS" signature="tearDown()[pri:0, instance:scripts._12_TGAlertsTest@71318ec4]" name="tearDown" is-config="true" duration-ms="746" started-at="2023-06-05T21:06:51 EDT" finished-at="2023-06-05T21:06:52 EDT">
          <reporter-output>
          </reporter-output>
        </test-method> <!-- tearDown -->
      </class> <!-- scripts._12_TGAlertsTest -->
      <class name="scripts._02_AppleTest">
        <test-method status="PASS" signature="setUp()[pri:0, instance:scripts._02_AppleTest@6e1ec318]" name="setUp" is-config="true" duration-ms="2906" started-at="2023-06-05T21:03:50 EDT" finished-at="2023-06-05T21:03:53 EDT">
          <reporter-output>
          </reporter-output>
        </test-method> <!-- setUp -->
        <test-method status="PASS" signature="validateTitleAndURL()[pri:0, instance:scripts._02_AppleTest@6e1ec318]" name="validateTitleAndURL" duration-ms="23" started-at="2023-06-05T21:03:53 EDT" finished-at="2023-06-05T21:03:53 EDT">
          <reporter-output>
          </reporter-output>
        </test-method> <!-- validateTitleAndURL -->
        <test-method status="PASS" signature="tearDown()[pri:0, instance:scripts._02_AppleTest@6e1ec318]" name="tearDown" is-config="true" duration-ms="3798" started-at="2023-06-05T21:03:53 EDT" finished-at="2023-06-05T21:03:56 EDT">
          <reporter-output>
          </reporter-output>
        </test-method> <!-- tearDown -->
      </class> <!-- scripts._02_AppleTest -->
      <class name="scripts._04_TGLocatorsTest">
        <test-method status="PASS" signature="setUp()[pri:0, instance:scripts._04_TGLocatorsTest@617faa95]" name="setUp" is-config="true" duration-ms="2007" started-at="2023-06-05T21:04:22 EDT" finished-at="2023-06-05T21:04:24 EDT">
          <reporter-output>
          </reporter-output>
        </test-method> <!-- setUp -->
        <test-method status="PASS" signature="setPage()[pri:0, instance:scripts._04_TGLocatorsTest@617faa95]" name="setPage" is-config="true" duration-ms="1093" started-at="2023-06-05T21:04:24 EDT" finished-at="2023-06-05T21:04:25 EDT">
          <reporter-output>
          </reporter-output>
        </test-method> <!-- setPage -->
        <test-method status="PASS" signature="validateLanguages()[pri:0, instance:scripts._04_TGLocatorsTest@617faa95]" name="validateLanguages" duration-ms="165" started-at="2023-06-05T21:04:25 EDT" finished-at="2023-06-05T21:04:25 EDT">
          <reporter-output>
          </reporter-output>
        </test-method> <!-- validateLanguages -->
        <test-method status="PASS" signature="tearDown()[pri:0, instance:scripts._04_TGLocatorsTest@617faa95]" name="tearDown" is-config="true" duration-ms="808" started-at="2023-06-05T21:04:25 EDT" finished-at="2023-06-05T21:04:26 EDT">
          <reporter-output>
          </reporter-output>
        </test-method> <!-- tearDown -->
        <test-method status="PASS" signature="setUp()[pri:0, instance:scripts._04_TGLocatorsTest@617faa95]" name="setUp" is-config="true" duration-ms="1825" started-at="2023-06-05T21:04:26 EDT" finished-at="2023-06-05T21:04:28 EDT">
          <reporter-output>
          </reporter-output>
        </test-method> <!-- setUp -->
        <test-method status="PASS" signature="setPage()[pri:0, instance:scripts._04_TGLocatorsTest@617faa95]" name="setPage" is-config="true" duration-ms="1120" started-at="2023-06-05T21:04:28 EDT" finished-at="2023-06-05T21:04:29 EDT">
          <reporter-output>
          </reporter-output>
        </test-method> <!-- setPage -->
        <test-method status="PASS" signature="validateListHeaders()[pri:0, instance:scripts._04_TGLocatorsTest@617faa95]" name="validateListHeaders" duration-ms="146" started-at="2023-06-05T21:04:29 EDT" finished-at="2023-06-05T21:04:29 EDT">
          <reporter-output>
          </reporter-output>
        </test-method> <!-- validateListHeaders -->
        <test-method status="PASS" signature="tearDown()[pri:0, instance:scripts._04_TGLocatorsTest@617faa95]" name="tearDown" is-config="true" duration-ms="788" started-at="2023-06-05T21:04:29 EDT" finished-at="2023-06-05T21:04:30 EDT">
          <reporter-output>
          </reporter-output>
        </test-method> <!-- tearDown -->
        <test-method status="PASS" signature="setUp()[pri:0, instance:scripts._04_TGLocatorsTest@617faa95]" name="setUp" is-config="true" duration-ms="1838" started-at="2023-06-05T21:04:30 EDT" finished-at="2023-06-05T21:04:32 EDT">
          <reporter-output>
          </reporter-output>
        </test-method> <!-- setUp -->
        <test-method status="PASS" signature="setPage()[pri:0, instance:scripts._04_TGLocatorsTest@617faa95]" name="setPage" is-config="true" duration-ms="1218" started-at="2023-06-05T21:04:32 EDT" finished-at="2023-06-05T21:04:33 EDT">
          <reporter-output>
          </reporter-output>
        </test-method> <!-- setPage -->
        <test-method status="PASS" signature="validateTheHeader()[pri:0, instance:scripts._04_TGLocatorsTest@617faa95]" name="validateTheHeader" duration-ms="81" started-at="2023-06-05T21:04:33 EDT" finished-at="2023-06-05T21:04:33 EDT">
          <reporter-output>
          </reporter-output>
        </test-method> <!-- validateTheHeader -->
        <test-method status="PASS" signature="tearDown()[pri:0, instance:scripts._04_TGLocatorsTest@617faa95]" name="tearDown" is-config="true" duration-ms="811" started-at="2023-06-05T21:04:33 EDT" finished-at="2023-06-05T21:04:34 EDT">
          <reporter-output>
          </reporter-output>
        </test-method> <!-- tearDown -->
      </class> <!-- scripts._04_TGLocatorsTest -->
      <class name="scripts._09_TGCheckboxTest">
        <test-method status="PASS" signature="setUp()[pri:0, instance:scripts._09_TGCheckboxTest@31dc339b]" name="setUp" is-config="true" duration-ms="1566" started-at="2023-06-05T21:05:42 EDT" finished-at="2023-06-05T21:05:44 EDT">
          <reporter-output>
          </reporter-output>
        </test-method> <!-- setUp -->
        <test-method status="PASS" signature="setPage()[pri:0, instance:scripts._09_TGCheckboxTest@31dc339b]" name="setPage" is-config="true" duration-ms="986" started-at="2023-06-05T21:05:44 EDT" finished-at="2023-06-05T21:05:45 EDT">
          <reporter-output>
          </reporter-output>
        </test-method> <!-- setPage -->
        <test-method status="PASS" signature="checkboxTest()[pri:0, instance:scripts._09_TGCheckboxTest@31dc339b]" name="checkboxTest" duration-ms="388" started-at="2023-06-05T21:05:45 EDT" finished-at="2023-06-05T21:05:45 EDT">
          <reporter-output>
          </reporter-output>
        </test-method> <!-- checkboxTest -->
        <test-method status="PASS" signature="tearDown()[pri:0, instance:scripts._09_TGCheckboxTest@31dc339b]" name="tearDown" is-config="true" duration-ms="792" started-at="2023-06-05T21:05:45 EDT" finished-at="2023-06-05T21:05:46 EDT">
          <reporter-output>
          </reporter-output>
        </test-method> <!-- tearDown -->
        <test-method status="PASS" signature="setUp()[pri:0, instance:scripts._09_TGCheckboxTest@31dc339b]" name="setUp" is-config="true" duration-ms="1833" started-at="2023-06-05T21:05:46 EDT" finished-at="2023-06-05T21:05:48 EDT">
          <reporter-output>
          </reporter-output>
        </test-method> <!-- setUp -->
        <test-method status="PASS" signature="setPage()[pri:0, instance:scripts._09_TGCheckboxTest@31dc339b]" name="setPage" is-config="true" duration-ms="1128" started-at="2023-06-05T21:05:48 EDT" finished-at="2023-06-05T21:05:49 EDT">
          <reporter-output>
          </reporter-output>
        </test-method> <!-- setPage -->
        <test-method status="PASS" signature="checkboxTest2()[pri:0, instance:scripts._09_TGCheckboxTest@31dc339b]" name="checkboxTest2" duration-ms="416" started-at="2023-06-05T21:05:49 EDT" finished-at="2023-06-05T21:05:49 EDT">
          <reporter-output>
          </reporter-output>
        </test-method> <!-- checkboxTest2 -->
        <test-method status="PASS" signature="tearDown()[pri:0, instance:scripts._09_TGCheckboxTest@31dc339b]" name="tearDown" is-config="true" duration-ms="788" started-at="2023-06-05T21:05:49 EDT" finished-at="2023-06-05T21:05:50 EDT">
          <reporter-output>
          </reporter-output>
        </test-method> <!-- tearDown -->
      </class> <!-- scripts._09_TGCheckboxTest -->
      <class name="scripts._10_TGRadioButtonsTest">
        <test-method status="PASS" signature="setUp()[pri:0, instance:scripts._10_TGRadioButtonsTest@544fe44c]" name="setUp" is-config="true" duration-ms="1772" started-at="2023-06-05T21:05:50 EDT" finished-at="2023-06-05T21:05:52 EDT">
          <reporter-output>
          </reporter-output>
        </test-method> <!-- setUp -->
        <test-method status="PASS" signature="setPage()[pri:0, instance:scripts._10_TGRadioButtonsTest@544fe44c]" name="setPage" is-config="true" duration-ms="1075" started-at="2023-06-05T21:05:52 EDT" finished-at="2023-06-05T21:05:53 EDT">
          <reporter-output>
          </reporter-output>
        </test-method> <!-- setPage -->
        <test-method status="PASS" signature="radioButtonsTest()[pri:0, instance:scripts._10_TGRadioButtonsTest@544fe44c]" name="radioButtonsTest" duration-ms="342" started-at="2023-06-05T21:05:53 EDT" finished-at="2023-06-05T21:05:53 EDT">
          <reporter-output>
          </reporter-output>
        </test-method> <!-- radioButtonsTest -->
        <test-method status="PASS" signature="tearDown()[pri:0, instance:scripts._10_TGRadioButtonsTest@544fe44c]" name="tearDown" is-config="true" duration-ms="778" started-at="2023-06-05T21:05:53 EDT" finished-at="2023-06-05T21:05:54 EDT">
          <reporter-output>
          </reporter-output>
        </test-method> <!-- tearDown -->
        <test-method status="PASS" signature="setUp()[pri:0, instance:scripts._10_TGRadioButtonsTest@544fe44c]" name="setUp" is-config="true" duration-ms="1818" started-at="2023-06-05T21:05:54 EDT" finished-at="2023-06-05T21:05:56 EDT">
          <reporter-output>
          </reporter-output>
        </test-method> <!-- setUp -->
        <test-method status="PASS" signature="setPage()[pri:0, instance:scripts._10_TGRadioButtonsTest@544fe44c]" name="setPage" is-config="true" duration-ms="1151" started-at="2023-06-05T21:05:56 EDT" finished-at="2023-06-05T21:05:57 EDT">
          <reporter-output>
          </reporter-output>
        </test-method> <!-- setPage -->
        <test-method status="PASS" signature="validatePracticeMore()[pri:0, instance:scripts._10_TGRadioButtonsTest@544fe44c]" name="validatePracticeMore" duration-ms="439" started-at="2023-06-05T21:05:57 EDT" finished-at="2023-06-05T21:05:58 EDT">
          <reporter-output>
          </reporter-output>
        </test-method> <!-- validatePracticeMore -->
        <test-method status="PASS" signature="tearDown()[pri:0, instance:scripts._10_TGRadioButtonsTest@544fe44c]" name="tearDown" is-config="true" duration-ms="766" started-at="2023-06-05T21:05:58 EDT" finished-at="2023-06-05T21:05:58 EDT">
          <reporter-output>
          </reporter-output>
        </test-method> <!-- tearDown -->
      </class> <!-- scripts._10_TGRadioButtonsTest -->
      <class name="scripts._14_MultipleWindowsTest">
        <test-method status="PASS" signature="setUp()[pri:0, instance:scripts._14_MultipleWindowsTest@a67c67e]" name="setUp" is-config="true" duration-ms="1852" started-at="2023-06-05T21:07:29 EDT" finished-at="2023-06-05T21:07:31 EDT">
          <reporter-output>
          </reporter-output>
        </test-method> <!-- setUp -->
        <test-method status="PASS" signature="setPage()[pri:0, instance:scripts._14_MultipleWindowsTest@a67c67e]" name="setPage" is-config="true" duration-ms="1594" started-at="2023-06-05T21:07:31 EDT" finished-at="2023-06-05T21:07:33 EDT">
          <reporter-output>
          </reporter-output>
        </test-method> <!-- setPage -->
        <test-method status="PASS" signature="validateTheAppleNavigation()[pri:1, instance:scripts._14_MultipleWindowsTest@a67c67e]" name="validateTheAppleNavigation" duration-ms="1404" started-at="2023-06-05T21:07:33 EDT" description="TC321 Validate the Apple navigation" finished-at="2023-06-05T21:07:34 EDT">
          <reporter-output>
          </reporter-output>
        </test-method> <!-- validateTheAppleNavigation -->
        <test-method status="PASS" signature="tearDown()[pri:0, instance:scripts._14_MultipleWindowsTest@a67c67e]" name="tearDown" is-config="true" duration-ms="828" started-at="2023-06-05T21:07:34 EDT" finished-at="2023-06-05T21:07:35 EDT">
          <reporter-output>
          </reporter-output>
        </test-method> <!-- tearDown -->
        <test-method status="PASS" signature="setUp()[pri:0, instance:scripts._14_MultipleWindowsTest@a67c67e]" name="setUp" is-config="true" duration-ms="1819" started-at="2023-06-05T21:07:35 EDT" finished-at="2023-06-05T21:07:37 EDT">
          <reporter-output>
          </reporter-output>
        </test-method> <!-- setUp -->
        <test-method status="PASS" signature="setPage()[pri:0, instance:scripts._14_MultipleWindowsTest@a67c67e]" name="setPage" is-config="true" duration-ms="1180" started-at="2023-06-05T21:07:37 EDT" finished-at="2023-06-05T21:07:38 EDT">
          <reporter-output>
          </reporter-output>
        </test-method> <!-- setPage -->
        <test-method status="PASS" signature="validateTheMicrosoftNavigation()[pri:2, instance:scripts._14_MultipleWindowsTest@a67c67e]" name="validateTheMicrosoftNavigation" duration-ms="2852" started-at="2023-06-05T21:07:38 EDT" description="TC322 Validate the Microsoft navigation" finished-at="2023-06-05T21:07:41 EDT">
          <reporter-output>
          </reporter-output>
        </test-method> <!-- validateTheMicrosoftNavigation -->
        <test-method status="PASS" signature="tearDown()[pri:0, instance:scripts._14_MultipleWindowsTest@a67c67e]" name="tearDown" is-config="true" duration-ms="1340" started-at="2023-06-05T21:07:41 EDT" finished-at="2023-06-05T21:07:42 EDT">
          <reporter-output>
          </reporter-output>
        </test-method> <!-- tearDown -->
        <test-method status="PASS" signature="setUp()[pri:0, instance:scripts._14_MultipleWindowsTest@a67c67e]" name="setUp" is-config="true" duration-ms="1850" started-at="2023-06-05T21:07:42 EDT" finished-at="2023-06-05T21:07:44 EDT">
          <reporter-output>
          </reporter-output>
        </test-method> <!-- setUp -->
        <test-method status="PASS" signature="setPage()[pri:0, instance:scripts._14_MultipleWindowsTest@a67c67e]" name="setPage" is-config="true" duration-ms="1177" started-at="2023-06-05T21:07:44 EDT" finished-at="2023-06-05T21:07:45 EDT">
          <reporter-output>
          </reporter-output>
        </test-method> <!-- setPage -->
        <test-method status="PASS" signature="validateTheTeslaNavigation()[pri:3, instance:scripts._14_MultipleWindowsTest@a67c67e]" name="validateTheTeslaNavigation" duration-ms="3219" started-at="2023-06-05T21:07:45 EDT" description="TC323 Validate the Tesla navigation" finished-at="2023-06-05T21:07:49 EDT">
          <reporter-output>
          </reporter-output>
        </test-method> <!-- validateTheTeslaNavigation -->
        <test-method status="PASS" signature="tearDown()[pri:0, instance:scripts._14_MultipleWindowsTest@a67c67e]" name="tearDown" is-config="true" duration-ms="933" started-at="2023-06-05T21:07:49 EDT" finished-at="2023-06-05T21:07:50 EDT">
          <reporter-output>
          </reporter-output>
        </test-method> <!-- tearDown -->
        <test-method status="PASS" signature="setUp()[pri:0, instance:scripts._14_MultipleWindowsTest@a67c67e]" name="setUp" is-config="true" duration-ms="2116" started-at="2023-06-05T21:07:50 EDT" finished-at="2023-06-05T21:07:52 EDT">
          <reporter-output>
          </reporter-output>
        </test-method> <!-- setUp -->
        <test-method status="PASS" signature="setPage()[pri:0, instance:scripts._14_MultipleWindowsTest@a67c67e]" name="setPage" is-config="true" duration-ms="1098" started-at="2023-06-05T21:07:52 EDT" finished-at="2023-06-05T21:07:53 EDT">
          <reporter-output>
          </reporter-output>
        </test-method> <!-- setPage -->
        <test-method status="FAIL" signature="validateTheLinkURLs()[pri:4, instance:scripts._14_MultipleWindowsTest@a67c67e]" name="validateTheLinkURLs" duration-ms="6397" started-at="2023-06-05T21:07:53 EDT" description="Validate link URLs" finished-at="2023-06-05T21:07:59 EDT">
          <exception class="java.lang.AssertionError">
            <message>
              <![CDATA[expected [https://www.microsoft.com/en-us/] but found [https://www.microsoft.com/en-ca/]]]>
            </message>
            <full-stacktrace>
              <![CDATA[java.lang.AssertionError: expected [https://www.microsoft.com/en-us/] but found [https://www.microsoft.com/en-ca/]
at org.testng.Assert.fail(Assert.java:97)
at org.testng.Assert.assertEqualsImpl(Assert.java:136)
at org.testng.Assert.assertEquals(Assert.java:118)
at org.testng.Assert.assertEquals(Assert.java:575)
at org.testng.Assert.assertEquals(Assert.java:585)
at scripts._14_MultipleWindowsTest.validateTheLinkURLs(_14_MultipleWindowsTest.java:110)
at sun.reflect.NativeMethodAccessorImpl.invoke0(Native Method)
at sun.reflect.NativeMethodAccessorImpl.invoke(NativeMethodAccessorImpl.java:62)
at sun.reflect.DelegatingMethodAccessorImpl.invoke(DelegatingMethodAccessorImpl.java:43)
at java.lang.reflect.Method.invoke(Method.java:498)
at org.testng.internal.MethodInvocationHelper.invokeMethod(MethodInvocationHelper.java:134)
at org.testng.internal.TestInvoker.invokeMethod(TestInvoker.java:597)
at org.testng.internal.TestInvoker.invokeTestMethod(TestInvoker.java:173)
at org.testng.internal.MethodRunner.runInSequence(MethodRunner.java:46)
at org.testng.internal.TestInvoker$MethodInvocationAgent.invoke(TestInvoker.java:816)
at org.testng.internal.TestInvoker.invokeTestMethods(TestInvoker.java:146)
at org.testng.internal.TestMethodWorker.invokeTestMethods(TestMethodWorker.java:146)
at org.testng.internal.TestMethodWorker.run(TestMethodWorker.java:128)
at java.util.ArrayList.forEach(ArrayList.java:1259)
at org.testng.TestRunner.privateRun(TestRunner.java:766)
at org.testng.TestRunner.run(TestRunner.java:587)
at org.testng.SuiteRunner.runTest(SuiteRunner.java:384)
at org.testng.SuiteRunner.runSequentially(SuiteRunner.java:378)
at org.testng.SuiteRunner.privateRun(SuiteRunner.java:337)
at org.testng.SuiteRunner.run(SuiteRunner.java:286)
at org.testng.SuiteRunnerWorker.runSuite(SuiteRunnerWorker.java:53)
at org.testng.SuiteRunnerWorker.run(SuiteRunnerWorker.java:96)
at org.testng.TestNG.runSuitesSequentially(TestNG.java:1187)
at org.testng.TestNG.runSuitesLocally(TestNG.java:1109)
at org.testng.TestNG.runSuites(TestNG.java:1039)
at org.testng.TestNG.run(TestNG.java:1007)
at org.apache.maven.surefire.testng.TestNGExecutor.run(TestNGExecutor.java:281)
at org.apache.maven.surefire.testng.TestNGXmlTestSuite.execute(TestNGXmlTestSuite.java:75)
at org.apache.maven.surefire.testng.TestNGProvider.invoke(TestNGProvider.java:121)
at org.apache.maven.surefire.booter.ForkedBooter.invokeProviderInSameClassLoader(ForkedBooter.java:290)
at org.apache.maven.surefire.booter.ForkedBooter.runSuitesInProcess(ForkedBooter.java:242)
at org.apache.maven.surefire.booter.ForkedBooter.main(ForkedBooter.java:121)
]]>
            </full-stacktrace>
          </exception> <!-- java.lang.AssertionError -->
          <reporter-output>
          </reporter-output>
        </test-method> <!-- validateTheLinkURLs -->
        <test-method status="PASS" signature="tearDown()[pri:0, instance:scripts._14_MultipleWindowsTest@a67c67e]" name="tearDown" is-config="true" duration-ms="1806" started-at="2023-06-05T21:07:59 EDT" finished-at="2023-06-05T21:08:01 EDT">
          <reporter-output>
          </reporter-output>
        </test-method> <!-- tearDown -->
      </class> <!-- scripts._14_MultipleWindowsTest -->
    </test> <!-- /Users/akinkaya/IdeaProjects/ui_automation_6/src/test/java/scripts -->
  </suite> <!-- All Test Suite -->
</testng-results>
